

Started GET "/" for 127.0.0.1 at 2014-11-25 00:17:05 +0700

ActiveRecord::PendingMigrationError (

Migrations are pending. To resolve this issue, run:

	bin/rake db:migrate RAILS_ENV=development

):
  activerecord (4.1.6) lib/active_record/migration.rb:389:in `check_pending!'
  activerecord (4.1.6) lib/active_record/migration.rb:377:in `call'
  actionpack (4.1.6) lib/action_dispatch/middleware/callbacks.rb:29:in `block in call'
  activesupport (4.1.6) lib/active_support/callbacks.rb:82:in `run_callbacks'
  actionpack (4.1.6) lib/action_dispatch/middleware/callbacks.rb:27:in `call'
  actionpack (4.1.6) lib/action_dispatch/middleware/reloader.rb:73:in `call'
  actionpack (4.1.6) lib/action_dispatch/middleware/remote_ip.rb:76:in `call'
  actionpack (4.1.6) lib/action_dispatch/middleware/debug_exceptions.rb:17:in `call'
  actionpack (4.1.6) lib/action_dispatch/middleware/show_exceptions.rb:30:in `call'
  railties (4.1.6) lib/rails/rack/logger.rb:38:in `call_app'
  railties (4.1.6) lib/rails/rack/logger.rb:20:in `block in call'
  activesupport (4.1.6) lib/active_support/tagged_logging.rb:68:in `block in tagged'
  activesupport (4.1.6) lib/active_support/tagged_logging.rb:26:in `tagged'
  activesupport (4.1.6) lib/active_support/tagged_logging.rb:68:in `tagged'
  railties (4.1.6) lib/rails/rack/logger.rb:20:in `call'
  actionpack (4.1.6) lib/action_dispatch/middleware/request_id.rb:21:in `call'
  rack (1.5.2) lib/rack/methodoverride.rb:21:in `call'
  rack (1.5.2) lib/rack/runtime.rb:17:in `call'
  activesupport (4.1.6) lib/active_support/cache/strategy/local_cache_middleware.rb:26:in `call'
  rack (1.5.2) lib/rack/lock.rb:17:in `call'
  actionpack (4.1.6) lib/action_dispatch/middleware/static.rb:64:in `call'
  rack (1.5.2) lib/rack/sendfile.rb:112:in `call'
  railties (4.1.6) lib/rails/engine.rb:514:in `call'
  railties (4.1.6) lib/rails/application.rb:144:in `call'
  rack (1.5.2) lib/rack/lock.rb:17:in `call'
  rack (1.5.2) lib/rack/content_length.rb:14:in `call'
  rack (1.5.2) lib/rack/handler/webrick.rb:60:in `service'
  /home/linhmn/.rvm/rubies/ruby-2.1.2/lib/ruby/2.1.0/webrick/httpserver.rb:138:in `service'
  /home/linhmn/.rvm/rubies/ruby-2.1.2/lib/ruby/2.1.0/webrick/httpserver.rb:94:in `run'
  /home/linhmn/.rvm/rubies/ruby-2.1.2/lib/ruby/2.1.0/webrick/server.rb:295:in `block in start_thread'


  Rendered /home/linhmn/.rvm/gems/ruby-2.1.2/gems/actionpack-4.1.6/lib/action_dispatch/middleware/templates/rescues/_source.erb (0.6ms)
  Rendered /home/linhmn/.rvm/gems/ruby-2.1.2/gems/actionpack-4.1.6/lib/action_dispatch/middleware/templates/rescues/_trace.html.erb (1.0ms)
  Rendered /home/linhmn/.rvm/gems/ruby-2.1.2/gems/actionpack-4.1.6/lib/action_dispatch/middleware/templates/rescues/_request_and_response.html.erb (0.9ms)
  Rendered /home/linhmn/.rvm/gems/ruby-2.1.2/gems/actionpack-4.1.6/lib/action_dispatch/middleware/templates/rescues/diagnostics.erb within rescues/layout (12.4ms)
  [1m[36m (419.0ms)[0m  [1mCREATE TABLE "schema_migrations" ("version" varchar(255) NOT NULL) [0m
  [1m[35m (0.3ms)[0m  select sqlite_version(*)
  [1m[36m (132.6ms)[0m  [1mCREATE UNIQUE INDEX "unique_schema_migrations" ON "schema_migrations" ("version")[0m
  [1m[35mActiveRecord::SchemaMigration Load (0.3ms)[0m  SELECT "schema_migrations".* FROM "schema_migrations"
Migrating to CreateUsers (20141124155058)
  [1m[36m (0.2ms)[0m  [1mbegin transaction[0m
  [1m[35m (1.0ms)[0m  CREATE TABLE "users" ("id" INTEGER PRIMARY KEY AUTOINCREMENT NOT NULL, "name" varchar(255), "email" varchar(255), "created_at" datetime NOT NULL, "updated_at" datetime NOT NULL) 
  [1m[36mSQL (0.6ms)[0m  [1mINSERT INTO "schema_migrations" ("version") VALUES (?)[0m  [["version", "20141124155058"]]
  [1m[35m (142.7ms)[0m  commit transaction
Migrating to AddIndexToUsersEmail (20141124160652)
  [1m[36m (0.2ms)[0m  [1mbegin transaction[0m
  [1m[35m (0.7ms)[0m  CREATE UNIQUE INDEX "index_users_on_email" ON "users" ("email")
  [1m[36mSQL (0.4ms)[0m  [1mINSERT INTO "schema_migrations" ("version") VALUES (?)[0m  [["version", "20141124160652"]]
  [1m[35m (140.7ms)[0m  commit transaction
Migrating to AddPasswordDigestToUsers (20141124160834)
  [1m[36m (0.2ms)[0m  [1mbegin transaction[0m
  [1m[35m (0.8ms)[0m  ALTER TABLE "users" ADD "password_digest" varchar(255)
  [1m[36mSQL (0.3ms)[0m  [1mINSERT INTO "schema_migrations" ("version") VALUES (?)[0m  [["version", "20141124160834"]]
  [1m[35m (129.5ms)[0m  commit transaction
  [1m[36mActiveRecord::SchemaMigration Load (0.3ms)[0m  [1mSELECT "schema_migrations".* FROM "schema_migrations"[0m
  [1m[35m (0.3ms)[0m              SELECT sql
            FROM sqlite_master
            WHERE name='index_users_on_email' AND type='index'
            UNION ALL
            SELECT sql
            FROM sqlite_temp_master
            WHERE name='index_users_on_email' AND type='index'



Started GET "/" for 127.0.0.1 at 2014-11-25 00:18:36 +0700
  [1m[36mActiveRecord::SchemaMigration Load (0.1ms)[0m  [1mSELECT "schema_migrations".* FROM "schema_migrations"[0m
Processing by StaticPagesController#home as HTML
  Rendered static_pages/home.html.erb within layouts/application (3.8ms)
  Rendered layouts/_shim.html.erb (0.5ms)
  Rendered layouts/_header.html.erb (1.1ms)
  Rendered layouts/_footer.html.erb (0.8ms)
Completed 200 OK in 2897ms (Views: 2886.5ms | ActiveRecord: 0.0ms)


Started GET "/assets/custom.css?body=1" for 127.0.0.1 at 2014-11-25 00:18:39 +0700


Started GET "/assets/static_pages.css?body=1" for 127.0.0.1 at 2014-11-25 00:18:39 +0700


Started GET "/assets/users.css?body=1" for 127.0.0.1 at 2014-11-25 00:18:39 +0700


Started GET "/assets/jquery.js?body=1" for 127.0.0.1 at 2014-11-25 00:18:39 +0700


Started GET "/assets/application.css?body=1" for 127.0.0.1 at 2014-11-25 00:18:39 +0700


Started GET "/assets/static_pages.js?body=1" for 127.0.0.1 at 2014-11-25 00:18:39 +0700


Started GET "/assets/jquery_ujs.js?body=1" for 127.0.0.1 at 2014-11-25 00:18:39 +0700


Started GET "/assets/turbolinks.js?body=1" for 127.0.0.1 at 2014-11-25 00:18:39 +0700


Started GET "/assets/users.js?body=1" for 127.0.0.1 at 2014-11-25 00:18:39 +0700


Started GET "/assets/application.js?body=1" for 127.0.0.1 at 2014-11-25 00:18:39 +0700


Started GET "/assets/icon.png" for 127.0.0.1 at 2014-11-25 00:18:39 +0700


Started GET "/signup" for 127.0.0.1 at 2014-11-25 00:18:52 +0700
Processing by UsersController#new as HTML
  Rendered shared/_error_messages.html.erb (3.2ms)
  Rendered users/new.html.erb within layouts/application (29.3ms)
  Rendered layouts/_shim.html.erb (0.6ms)
  Rendered layouts/_header.html.erb (1.2ms)
  Rendered layouts/_footer.html.erb (0.8ms)
Completed 200 OK in 121ms (Views: 112.8ms | ActiveRecord: 0.8ms)


Started POST "/users" for 127.0.0.1 at 2014-11-25 00:19:05 +0700
Processing by UsersController#create as HTML
  Parameters: {"utf8"=>"✓", "authenticity_token"=>"t1b3qMLEp4MJ+beNA2Ub7TPs43Xhp58kJllH/riEmKI=", "user"=>{"name"=>"aas", "email"=>"linhmnqweqwe@yahoo.com", "password"=>"[FILTERED]", "password_confirmation"=>"[FILTERED]"}, "commit"=>"Create my account"}
  [1m[35m (0.1ms)[0m  begin transaction
  [1m[36mUser Exists (0.2ms)[0m  [1mSELECT  1 AS one FROM "users"  WHERE LOWER("users"."email") = LOWER('linhmnqweqwe@yahoo.com') LIMIT 1[0m
Binary data inserted for `string` type on column `password_digest`
  [1m[35mSQL (0.3ms)[0m  INSERT INTO "users" ("created_at", "email", "name", "password_digest", "updated_at") VALUES (?, ?, ?, ?, ?)  [["created_at", "2014-11-24 17:19:05.831187"], ["email", "linhmnqweqwe@yahoo.com"], ["name", "aas"], ["password_digest", "$2a$10$u.3mgxhvBp5hj/yJMzuzz.lOq5muvPqzFBf16YmS7VsFtsOKXq7NC"], ["updated_at", "2014-11-24 17:19:05.831187"]]
  [1m[36m (185.4ms)[0m  [1mcommit transaction[0m
Redirected to http://localhost:3000/users/1
Completed 302 Found in 295ms (ActiveRecord: 186.0ms)


Started GET "/users/1" for 127.0.0.1 at 2014-11-25 00:19:06 +0700
Processing by UsersController#show as HTML
  Parameters: {"id"=>"1"}
  [1m[35mUser Load (0.4ms)[0m  SELECT  "users".* FROM "users"  WHERE "users"."id" = ? LIMIT 1  [["id", 1]]
  Rendered users/show.html.erb within layouts/application (1.3ms)
  Rendered layouts/_shim.html.erb (0.1ms)
  Rendered layouts/_header.html.erb (0.4ms)
  Rendered layouts/_footer.html.erb (0.2ms)
Completed 200 OK in 107ms (Views: 103.8ms | ActiveRecord: 0.4ms)


Started GET "/assets/custom.css?body=1" for 127.0.0.1 at 2014-11-25 00:19:06 +0700


Started GET "/assets/static_pages.css?body=1" for 127.0.0.1 at 2014-11-25 00:19:06 +0700


Started GET "/assets/jquery.js?body=1" for 127.0.0.1 at 2014-11-25 00:19:06 +0700


Started GET "/assets/application.css?body=1" for 127.0.0.1 at 2014-11-25 00:19:06 +0700


Started GET "/assets/jquery_ujs.js?body=1" for 127.0.0.1 at 2014-11-25 00:19:06 +0700


Started GET "/assets/users.css?body=1" for 127.0.0.1 at 2014-11-25 00:19:06 +0700


Started GET "/assets/turbolinks.js?body=1" for 127.0.0.1 at 2014-11-25 00:19:06 +0700


Started GET "/assets/static_pages.js?body=1" for 127.0.0.1 at 2014-11-25 00:19:06 +0700


Started GET "/assets/users.js?body=1" for 127.0.0.1 at 2014-11-25 00:19:06 +0700


Started GET "/assets/application.js?body=1" for 127.0.0.1 at 2014-11-25 00:19:06 +0700


Started GET "/home" for 127.0.0.1 at 2014-11-25 00:19:32 +0700
Processing by StaticPagesController#home as HTML
  Rendered static_pages/home.html.erb within layouts/application (2.1ms)
  Rendered layouts/_shim.html.erb (0.1ms)
  Rendered layouts/_header.html.erb (0.3ms)
  Rendered layouts/_footer.html.erb (0.2ms)
Completed 200 OK in 154ms (Views: 152.7ms | ActiveRecord: 0.0ms)


Started GET "/home" for 127.0.0.1 at 2014-11-25 00:21:32 +0700
Processing by StaticPagesController#home as HTML
  Rendered static_pages/home.html.erb within layouts/application (0.8ms)
  Rendered layouts/_shim.html.erb (0.1ms)
  Rendered layouts/_header.html.erb (0.3ms)
  Rendered layouts/_footer.html.erb (0.2ms)
Completed 200 OK in 116ms (Views: 114.8ms | ActiveRecord: 0.0ms)


Started GET "/assets/custom.css?body=1" for 127.0.0.1 at 2014-11-25 00:21:32 +0700


Started GET "/assets/static_pages.css?body=1" for 127.0.0.1 at 2014-11-25 00:21:32 +0700


Started GET "/assets/users.css?body=1" for 127.0.0.1 at 2014-11-25 00:21:32 +0700


Started GET "/assets/jquery.js?body=1" for 127.0.0.1 at 2014-11-25 00:21:32 +0700


Started GET "/assets/turbolinks.js?body=1" for 127.0.0.1 at 2014-11-25 00:21:32 +0700


Started GET "/assets/application.css?body=1" for 127.0.0.1 at 2014-11-25 00:21:32 +0700


Started GET "/assets/static_pages.js?body=1" for 127.0.0.1 at 2014-11-25 00:21:32 +0700


Started GET "/assets/jquery_ujs.js?body=1" for 127.0.0.1 at 2014-11-25 00:21:32 +0700


Started GET "/assets/users.js?body=1" for 127.0.0.1 at 2014-11-25 00:21:32 +0700


Started GET "/assets/application.js?body=1" for 127.0.0.1 at 2014-11-25 00:21:32 +0700


Started GET "/images/icon.png" for 127.0.0.1 at 2014-11-25 00:21:32 +0700

ActionController::RoutingError (No route matches [GET] "/images/icon.png"):
  actionpack (4.1.6) lib/action_dispatch/middleware/debug_exceptions.rb:21:in `call'
  actionpack (4.1.6) lib/action_dispatch/middleware/show_exceptions.rb:30:in `call'
  railties (4.1.6) lib/rails/rack/logger.rb:38:in `call_app'
  railties (4.1.6) lib/rails/rack/logger.rb:20:in `block in call'
  activesupport (4.1.6) lib/active_support/tagged_logging.rb:68:in `block in tagged'
  activesupport (4.1.6) lib/active_support/tagged_logging.rb:26:in `tagged'
  activesupport (4.1.6) lib/active_support/tagged_logging.rb:68:in `tagged'
  railties (4.1.6) lib/rails/rack/logger.rb:20:in `call'
  actionpack (4.1.6) lib/action_dispatch/middleware/request_id.rb:21:in `call'
  rack (1.5.2) lib/rack/methodoverride.rb:21:in `call'
  rack (1.5.2) lib/rack/runtime.rb:17:in `call'
  activesupport (4.1.6) lib/active_support/cache/strategy/local_cache_middleware.rb:26:in `call'
  rack (1.5.2) lib/rack/lock.rb:17:in `call'
  actionpack (4.1.6) lib/action_dispatch/middleware/static.rb:64:in `call'
  rack (1.5.2) lib/rack/sendfile.rb:112:in `call'
  railties (4.1.6) lib/rails/engine.rb:514:in `call'
  railties (4.1.6) lib/rails/application.rb:144:in `call'
  rack (1.5.2) lib/rack/lock.rb:17:in `call'
  rack (1.5.2) lib/rack/content_length.rb:14:in `call'
  rack (1.5.2) lib/rack/handler/webrick.rb:60:in `service'
  /home/linhmn/.rvm/rubies/ruby-2.1.2/lib/ruby/2.1.0/webrick/httpserver.rb:138:in `service'
  /home/linhmn/.rvm/rubies/ruby-2.1.2/lib/ruby/2.1.0/webrick/httpserver.rb:94:in `run'
  /home/linhmn/.rvm/rubies/ruby-2.1.2/lib/ruby/2.1.0/webrick/server.rb:295:in `block in start_thread'


  Rendered /home/linhmn/.rvm/gems/ruby-2.1.2/gems/actionpack-4.1.6/lib/action_dispatch/middleware/templates/rescues/_trace.html.erb (1.1ms)
  Rendered /home/linhmn/.rvm/gems/ruby-2.1.2/gems/actionpack-4.1.6/lib/action_dispatch/middleware/templates/routes/_route.html.erb (3.1ms)
  Rendered /home/linhmn/.rvm/gems/ruby-2.1.2/gems/actionpack-4.1.6/lib/action_dispatch/middleware/templates/routes/_table.html.erb (1.7ms)
  Rendered /home/linhmn/.rvm/gems/ruby-2.1.2/gems/actionpack-4.1.6/lib/action_dispatch/middleware/templates/rescues/routing_error.html.erb within rescues/layout (22.5ms)


Started GET "/images/icon.png" for 127.0.0.1 at 2014-11-25 00:21:32 +0700

ActionController::RoutingError (No route matches [GET] "/images/icon.png"):
  actionpack (4.1.6) lib/action_dispatch/middleware/debug_exceptions.rb:21:in `call'
  actionpack (4.1.6) lib/action_dispatch/middleware/show_exceptions.rb:30:in `call'
  railties (4.1.6) lib/rails/rack/logger.rb:38:in `call_app'
  railties (4.1.6) lib/rails/rack/logger.rb:20:in `block in call'
  activesupport (4.1.6) lib/active_support/tagged_logging.rb:68:in `block in tagged'
  activesupport (4.1.6) lib/active_support/tagged_logging.rb:26:in `tagged'
  activesupport (4.1.6) lib/active_support/tagged_logging.rb:68:in `tagged'
  railties (4.1.6) lib/rails/rack/logger.rb:20:in `call'
  actionpack (4.1.6) lib/action_dispatch/middleware/request_id.rb:21:in `call'
  rack (1.5.2) lib/rack/methodoverride.rb:21:in `call'
  rack (1.5.2) lib/rack/runtime.rb:17:in `call'
  activesupport (4.1.6) lib/active_support/cache/strategy/local_cache_middleware.rb:26:in `call'
  rack (1.5.2) lib/rack/lock.rb:17:in `call'
  actionpack (4.1.6) lib/action_dispatch/middleware/static.rb:64:in `call'
  rack (1.5.2) lib/rack/sendfile.rb:112:in `call'
  railties (4.1.6) lib/rails/engine.rb:514:in `call'
  railties (4.1.6) lib/rails/application.rb:144:in `call'
  rack (1.5.2) lib/rack/lock.rb:17:in `call'
  rack (1.5.2) lib/rack/content_length.rb:14:in `call'
  rack (1.5.2) lib/rack/handler/webrick.rb:60:in `service'
  /home/linhmn/.rvm/rubies/ruby-2.1.2/lib/ruby/2.1.0/webrick/httpserver.rb:138:in `service'
  /home/linhmn/.rvm/rubies/ruby-2.1.2/lib/ruby/2.1.0/webrick/httpserver.rb:94:in `run'
  /home/linhmn/.rvm/rubies/ruby-2.1.2/lib/ruby/2.1.0/webrick/server.rb:295:in `block in start_thread'


  Rendered /home/linhmn/.rvm/gems/ruby-2.1.2/gems/actionpack-4.1.6/lib/action_dispatch/middleware/templates/rescues/_trace.html.erb (1.0ms)
  Rendered /home/linhmn/.rvm/gems/ruby-2.1.2/gems/actionpack-4.1.6/lib/action_dispatch/middleware/templates/routes/_route.html.erb (1.8ms)
  Rendered /home/linhmn/.rvm/gems/ruby-2.1.2/gems/actionpack-4.1.6/lib/action_dispatch/middleware/templates/routes/_table.html.erb (1.0ms)
  Rendered /home/linhmn/.rvm/gems/ruby-2.1.2/gems/actionpack-4.1.6/lib/action_dispatch/middleware/templates/rescues/routing_error.html.erb within rescues/layout (16.7ms)


Started GET "/home" for 127.0.0.1 at 2014-11-25 00:21:33 +0700
Processing by StaticPagesController#home as HTML
  Rendered static_pages/home.html.erb within layouts/application (1.1ms)
  Rendered layouts/_shim.html.erb (0.1ms)
  Rendered layouts/_header.html.erb (0.3ms)
  Rendered layouts/_footer.html.erb (0.1ms)
Completed 200 OK in 108ms (Views: 107.5ms | ActiveRecord: 0.0ms)


Started GET "/assets/custom.css?body=1" for 127.0.0.1 at 2014-11-25 00:21:33 +0700


Started GET "/assets/jquery.js?body=1" for 127.0.0.1 at 2014-11-25 00:21:33 +0700


Started GET "/assets/application.css?body=1" for 127.0.0.1 at 2014-11-25 00:21:33 +0700


Started GET "/assets/static_pages.css?body=1" for 127.0.0.1 at 2014-11-25 00:21:33 +0700


Started GET "/assets/users.css?body=1" for 127.0.0.1 at 2014-11-25 00:21:33 +0700


Started GET "/assets/jquery_ujs.js?body=1" for 127.0.0.1 at 2014-11-25 00:21:33 +0700


Started GET "/assets/turbolinks.js?body=1" for 127.0.0.1 at 2014-11-25 00:21:33 +0700


Started GET "/assets/users.js?body=1" for 127.0.0.1 at 2014-11-25 00:21:33 +0700


Started GET "/assets/static_pages.js?body=1" for 127.0.0.1 at 2014-11-25 00:21:33 +0700


Started GET "/assets/application.js?body=1" for 127.0.0.1 at 2014-11-25 00:21:33 +0700


Started GET "/home" for 127.0.0.1 at 2014-11-25 00:24:15 +0700
Processing by StaticPagesController#home as HTML
  Rendered static_pages/home.html.erb within layouts/application (0.6ms)
  Rendered layouts/_shim.html.erb (0.1ms)
  Rendered layouts/_header.html.erb (0.3ms)
  Rendered layouts/_footer.html.erb (0.2ms)
Completed 200 OK in 93ms (Views: 92.5ms | ActiveRecord: 0.0ms)


Started GET "/assets/custom.css?body=1" for 127.0.0.1 at 2014-11-25 00:24:16 +0700


Started GET "/assets/users.css?body=1" for 127.0.0.1 at 2014-11-25 00:24:16 +0700


Started GET "/assets/application.css?body=1" for 127.0.0.1 at 2014-11-25 00:24:16 +0700


Started GET "/assets/jquery.js?body=1" for 127.0.0.1 at 2014-11-25 00:24:16 +0700


Started GET "/assets/static_pages.css?body=1" for 127.0.0.1 at 2014-11-25 00:24:16 +0700


Started GET "/assets/jquery_ujs.js?body=1" for 127.0.0.1 at 2014-11-25 00:24:16 +0700


Started GET "/assets/turbolinks.js?body=1" for 127.0.0.1 at 2014-11-25 00:24:16 +0700


Started GET "/assets/static_pages.js?body=1" for 127.0.0.1 at 2014-11-25 00:24:16 +0700


Started GET "/assets/users.js?body=1" for 127.0.0.1 at 2014-11-25 00:24:16 +0700


Started GET "/assets/application.js?body=1" for 127.0.0.1 at 2014-11-25 00:24:16 +0700


Started GET "/home" for 127.0.0.1 at 2014-11-25 00:24:20 +0700
Processing by StaticPagesController#home as HTML
  Rendered static_pages/home.html.erb within layouts/application (0.9ms)
  Rendered layouts/_shim.html.erb (0.1ms)
  Rendered layouts/_header.html.erb (0.3ms)
  Rendered layouts/_footer.html.erb (0.2ms)
Completed 200 OK in 129ms (Views: 128.1ms | ActiveRecord: 0.0ms)


Started GET "/home" for 127.0.0.1 at 2014-11-25 00:24:22 +0700
Processing by StaticPagesController#home as HTML
  Rendered static_pages/home.html.erb within layouts/application (0.8ms)
  Rendered layouts/_shim.html.erb (0.1ms)
  Rendered layouts/_header.html.erb (0.4ms)
  Rendered layouts/_footer.html.erb (0.2ms)
Completed 200 OK in 114ms (Views: 112.9ms | ActiveRecord: 0.0ms)


Started GET "/home" for 127.0.0.1 at 2014-11-25 00:24:24 +0700
Processing by StaticPagesController#home as HTML
  Rendered static_pages/home.html.erb within layouts/application (1.1ms)
  Rendered layouts/_shim.html.erb (0.1ms)
  Rendered layouts/_header.html.erb (0.4ms)
  Rendered layouts/_footer.html.erb (0.2ms)
Completed 200 OK in 129ms (Views: 128.2ms | ActiveRecord: 0.0ms)


Started GET "/help" for 127.0.0.1 at 2014-11-25 00:24:25 +0700
Processing by StaticPagesController#help as HTML
  Rendered static_pages/help.html.erb within layouts/application (1.0ms)
  Rendered layouts/_shim.html.erb (0.1ms)
  Rendered layouts/_header.html.erb (0.5ms)
  Rendered layouts/_footer.html.erb (0.2ms)
Completed 200 OK in 120ms (Views: 118.8ms | ActiveRecord: 0.0ms)


Started GET "/about" for 127.0.0.1 at 2014-11-25 00:24:31 +0700
Processing by StaticPagesController#about as HTML
  Rendered static_pages/about.html.erb within layouts/application (0.6ms)
  Rendered layouts/_shim.html.erb (0.1ms)
  Rendered layouts/_header.html.erb (0.4ms)
  Rendered layouts/_footer.html.erb (0.2ms)
Completed 200 OK in 87ms (Views: 86.4ms | ActiveRecord: 0.0ms)


Started GET "/contact" for 127.0.0.1 at 2014-11-25 00:24:33 +0700
Processing by StaticPagesController#contact as HTML
  Rendered static_pages/contact.html.erb within layouts/application (1.2ms)
  Rendered layouts/_shim.html.erb (0.1ms)
  Rendered layouts/_header.html.erb (0.8ms)
  Rendered layouts/_footer.html.erb (0.1ms)
Completed 200 OK in 108ms (Views: 106.8ms | ActiveRecord: 0.0ms)


Started GET "/" for 127.0.0.1 at 2014-11-25 00:27:27 +0700
Processing by StaticPagesController#home as HTML
  Rendered static_pages/home.html.erb within layouts/application (0.9ms)
  Rendered layouts/_shim.html.erb (0.1ms)
  Rendered layouts/_header.html.erb (0.7ms)
  Rendered layouts/_footer.html.erb (0.6ms)
Completed 200 OK in 69ms (Views: 68.8ms | ActiveRecord: 0.0ms)


Started GET "/assets/custom.css?body=1" for 127.0.0.1 at 2014-11-25 00:27:27 +0700


Started GET "/assets/static_pages.css?body=1" for 127.0.0.1 at 2014-11-25 00:27:27 +0700


Started GET "/assets/jquery.js?body=1" for 127.0.0.1 at 2014-11-25 00:27:27 +0700


Started GET "/assets/application.css?body=1" for 127.0.0.1 at 2014-11-25 00:27:27 +0700


Started GET "/assets/jquery_ujs.js?body=1" for 127.0.0.1 at 2014-11-25 00:27:27 +0700


Started GET "/assets/turbolinks.js?body=1" for 127.0.0.1 at 2014-11-25 00:27:27 +0700


Started GET "/assets/users.css?body=1" for 127.0.0.1 at 2014-11-25 00:27:27 +0700


Started GET "/assets/static_pages.js?body=1" for 127.0.0.1 at 2014-11-25 00:27:27 +0700


Started GET "/assets/users.js?body=1" for 127.0.0.1 at 2014-11-25 00:27:27 +0700


Started GET "/assets/application.js?body=1" for 127.0.0.1 at 2014-11-25 00:27:27 +0700


Started GET "/" for 127.0.0.1 at 2014-11-25 00:27:29 +0700
Processing by StaticPagesController#home as HTML
  Rendered static_pages/home.html.erb within layouts/application (1.2ms)
  Rendered layouts/_shim.html.erb (0.0ms)
  Rendered layouts/_header.html.erb (0.6ms)
  Rendered layouts/_footer.html.erb (0.4ms)
Completed 200 OK in 80ms (Views: 79.6ms | ActiveRecord: 0.0ms)


Started GET "/" for 127.0.0.1 at 2014-11-25 00:27:29 +0700
Processing by StaticPagesController#home as HTML
  Rendered static_pages/home.html.erb within layouts/application (0.7ms)
  Rendered layouts/_shim.html.erb (0.0ms)
  Rendered layouts/_header.html.erb (0.2ms)
  Rendered layouts/_footer.html.erb (0.3ms)
Completed 200 OK in 96ms (Views: 95.6ms | ActiveRecord: 0.0ms)


Started GET "/" for 127.0.0.1 at 2014-11-25 00:27:30 +0700
Processing by StaticPagesController#home as HTML
  Rendered static_pages/home.html.erb within layouts/application (0.9ms)
  Rendered layouts/_shim.html.erb (0.1ms)
  Rendered layouts/_header.html.erb (0.4ms)
  Rendered layouts/_footer.html.erb (0.2ms)
Completed 200 OK in 134ms (Views: 133.2ms | ActiveRecord: 0.0ms)


Started GET "/" for 127.0.0.1 at 2014-11-25 00:27:31 +0700
Processing by StaticPagesController#home as HTML
  Rendered static_pages/home.html.erb within layouts/application (1.0ms)
  Rendered layouts/_shim.html.erb (0.0ms)
  Rendered layouts/_header.html.erb (0.4ms)
  Rendered layouts/_footer.html.erb (0.2ms)
Completed 200 OK in 121ms (Views: 119.7ms | ActiveRecord: 0.0ms)


Started GET "/help" for 127.0.0.1 at 2014-11-25 00:27:33 +0700
Processing by StaticPagesController#help as HTML
  Rendered static_pages/help.html.erb within layouts/application (1.1ms)
  Rendered layouts/_shim.html.erb (0.1ms)
  Rendered layouts/_header.html.erb (0.5ms)
  Rendered layouts/_footer.html.erb (0.2ms)
Completed 200 OK in 144ms (Views: 142.8ms | ActiveRecord: 0.0ms)


Started GET "/" for 127.0.0.1 at 2014-11-25 00:27:35 +0700
Processing by StaticPagesController#home as HTML
  Rendered static_pages/home.html.erb within layouts/application (1.1ms)
  Rendered layouts/_shim.html.erb (0.1ms)
  Rendered layouts/_header.html.erb (0.3ms)
  Rendered layouts/_footer.html.erb (0.2ms)
Completed 200 OK in 122ms (Views: 121.1ms | ActiveRecord: 0.0ms)


Started GET "/signup" for 127.0.0.1 at 2014-11-25 00:27:36 +0700
Processing by UsersController#new as HTML
  Rendered shared/_error_messages.html.erb (0.2ms)
  Rendered users/new.html.erb within layouts/application (7.8ms)
  Rendered layouts/_shim.html.erb (0.1ms)
  Rendered layouts/_header.html.erb (0.4ms)
  Rendered layouts/_footer.html.erb (0.2ms)
Completed 200 OK in 111ms (Views: 109.3ms | ActiveRecord: 0.0ms)


Started GET "/" for 127.0.0.1 at 2014-11-25 00:27:42 +0700
Processing by StaticPagesController#home as HTML
  Rendered static_pages/home.html.erb within layouts/application (0.9ms)
  Rendered layouts/_shim.html.erb (0.0ms)
  Rendered layouts/_header.html.erb (0.3ms)
  Rendered layouts/_footer.html.erb (0.2ms)
Completed 200 OK in 124ms (Views: 123.2ms | ActiveRecord: 0.0ms)


Started GET "/about" for 127.0.0.1 at 2014-11-25 00:27:49 +0700
Processing by StaticPagesController#about as HTML
  Rendered static_pages/about.html.erb within layouts/application (1.2ms)
  Rendered layouts/_shim.html.erb (0.1ms)
  Rendered layouts/_header.html.erb (0.4ms)
  Rendered layouts/_footer.html.erb (0.2ms)
Completed 200 OK in 122ms (Views: 121.3ms | ActiveRecord: 0.0ms)


Started GET "/contact" for 127.0.0.1 at 2014-11-25 00:27:53 +0700
Processing by StaticPagesController#contact as HTML
  Rendered static_pages/contact.html.erb within layouts/application (0.9ms)
  Rendered layouts/_shim.html.erb (0.1ms)
  Rendered layouts/_header.html.erb (0.9ms)
  Rendered layouts/_footer.html.erb (0.4ms)
Completed 200 OK in 127ms (Views: 126.2ms | ActiveRecord: 0.0ms)


Started GET "/" for 127.0.0.1 at 2014-11-25 00:27:58 +0700
Processing by StaticPagesController#home as HTML
  Rendered static_pages/home.html.erb within layouts/application (0.6ms)
  Rendered layouts/_shim.html.erb (0.1ms)
  Rendered layouts/_header.html.erb (0.2ms)
  Rendered layouts/_footer.html.erb (0.1ms)
Completed 200 OK in 82ms (Views: 81.0ms | ActiveRecord: 0.0ms)


Started GET "/help" for 127.0.0.1 at 2014-11-25 00:27:59 +0700
Processing by StaticPagesController#help as HTML
  Rendered static_pages/help.html.erb within layouts/application (0.1ms)
  Rendered layouts/_shim.html.erb (0.1ms)
  Rendered layouts/_header.html.erb (0.4ms)
  Rendered layouts/_footer.html.erb (0.2ms)
Completed 200 OK in 115ms (Views: 113.9ms | ActiveRecord: 0.0ms)


Started GET "/signup" for 127.0.0.1 at 2014-11-25 00:28:04 +0700
Processing by UsersController#new as HTML
  Rendered shared/_error_messages.html.erb (0.0ms)
  Rendered users/new.html.erb within layouts/application (3.3ms)
  Rendered layouts/_shim.html.erb (0.0ms)
  Rendered layouts/_header.html.erb (0.3ms)
  Rendered layouts/_footer.html.erb (0.1ms)
Completed 200 OK in 96ms (Views: 94.8ms | ActiveRecord: 0.0ms)


Started GET "/" for 127.0.0.1 at 2014-11-25 00:28:05 +0700
Processing by StaticPagesController#home as HTML
  Rendered static_pages/home.html.erb within layouts/application (0.8ms)
  Rendered layouts/_shim.html.erb (0.0ms)
  Rendered layouts/_header.html.erb (0.2ms)
  Rendered layouts/_footer.html.erb (0.1ms)
Completed 200 OK in 100ms (Views: 98.9ms | ActiveRecord: 0.0ms)


Started GET "/" for 127.0.0.1 at 2014-11-25 00:29:01 +0700
Processing by StaticPagesController#home as HTML
  Rendered static_pages/home.html.erb within layouts/application (0.9ms)
  Rendered layouts/_shim.html.erb (0.0ms)
  Rendered layouts/_header.html.erb (0.7ms)
  Rendered layouts/_footer.html.erb (0.1ms)
Completed 200 OK in 66ms (Views: 65.5ms | ActiveRecord: 0.0ms)


Started GET "/assets/custom.css?body=1" for 127.0.0.1 at 2014-11-25 00:29:02 +0700


Started GET "/assets/static_pages.css?body=1" for 127.0.0.1 at 2014-11-25 00:29:02 +0700


Started GET "/assets/users.css?body=1" for 127.0.0.1 at 2014-11-25 00:29:02 +0700


Started GET "/assets/jquery_ujs.js?body=1" for 127.0.0.1 at 2014-11-25 00:29:02 +0700


Started GET "/assets/users.js?body=1" for 127.0.0.1 at 2014-11-25 00:29:02 +0700


Started GET "/assets/jquery.js?body=1" for 127.0.0.1 at 2014-11-25 00:29:02 +0700


Started GET "/assets/turbolinks.js?body=1" for 127.0.0.1 at 2014-11-25 00:29:02 +0700


Started GET "/assets/application.js?body=1" for 127.0.0.1 at 2014-11-25 00:29:02 +0700


Started GET "/assets/application.css?body=1" for 127.0.0.1 at 2014-11-25 00:29:02 +0700


Started GET "/assets/static_pages.js?body=1" for 127.0.0.1 at 2014-11-25 00:29:02 +0700


Started GET "/login" for 127.0.0.1 at 2014-11-25 00:29:03 +0700
Processing by StaticPagesController#login as HTML
  Rendered static_pages/login.html.erb within layouts/application (1.0ms)
  Rendered layouts/_shim.html.erb (0.1ms)
  Rendered layouts/_header.html.erb (1.0ms)
  Rendered layouts/_footer.html.erb (0.2ms)
Completed 200 OK in 118ms (Views: 116.4ms | ActiveRecord: 0.0ms)


Started GET "/" for 127.0.0.1 at 2014-11-25 00:29:04 +0700
Processing by StaticPagesController#home as HTML
  Rendered static_pages/home.html.erb within layouts/application (1.9ms)
  Rendered layouts/_shim.html.erb (0.0ms)
  Rendered layouts/_header.html.erb (0.3ms)
  Rendered layouts/_footer.html.erb (0.1ms)
Completed 200 OK in 111ms (Views: 110.4ms | ActiveRecord: 0.0ms)


Started GET "/signup" for 127.0.0.1 at 2014-11-25 00:29:05 +0700
Processing by UsersController#new as HTML
  Rendered shared/_error_messages.html.erb (0.2ms)
  Rendered users/new.html.erb within layouts/application (7.4ms)
  Rendered layouts/_shim.html.erb (0.0ms)
  Rendered layouts/_header.html.erb (0.3ms)
  Rendered layouts/_footer.html.erb (0.1ms)
Completed 200 OK in 105ms (Views: 103.6ms | ActiveRecord: 0.0ms)


Started POST "/users" for 127.0.0.1 at 2014-11-25 00:29:22 +0700
Processing by UsersController#create as HTML
  Parameters: {"utf8"=>"✓", "authenticity_token"=>"t1b3qMLEp4MJ+beNA2Ub7TPs43Xhp58kJllH/riEmKI=", "user"=>{"name"=>"aaaaaa", "email"=>"linhmn23@yahoo.com", "password"=>"[FILTERED]", "password_confirmation"=>"[FILTERED]"}, "commit"=>"Create my account"}
  [1m[36m (0.1ms)[0m  [1mbegin transaction[0m
  [1m[35mUser Exists (0.1ms)[0m  SELECT  1 AS one FROM "users"  WHERE LOWER("users"."email") = LOWER('linhmn23@yahoo.com') LIMIT 1
Binary data inserted for `string` type on column `password_digest`
  [1m[36mSQL (0.2ms)[0m  [1mINSERT INTO "users" ("created_at", "email", "name", "password_digest", "updated_at") VALUES (?, ?, ?, ?, ?)[0m  [["created_at", "2014-11-24 17:29:22.146613"], ["email", "linhmn23@yahoo.com"], ["name", "aaaaaa"], ["password_digest", "$2a$10$Hr6.Wn3.F.S/cwIHiooEM.uEML1PkhIUEHRTiPSNWwCVlbMxrEQkq"], ["updated_at", "2014-11-24 17:29:22.146613"]]
  [1m[35m (198.9ms)[0m  commit transaction
Redirected to http://localhost:3000/users/2
Completed 302 Found in 307ms (ActiveRecord: 199.3ms)


Started GET "/users/2" for 127.0.0.1 at 2014-11-25 00:29:22 +0700
Processing by UsersController#show as HTML
  Parameters: {"id"=>"2"}
  [1m[36mUser Load (0.2ms)[0m  [1mSELECT  "users".* FROM "users"  WHERE "users"."id" = ? LIMIT 1[0m  [["id", 2]]
  Rendered users/show.html.erb within layouts/application (0.3ms)
  Rendered layouts/_shim.html.erb (0.1ms)
  Rendered layouts/_header.html.erb (0.4ms)
  Rendered layouts/_footer.html.erb (0.2ms)
Completed 200 OK in 107ms (Views: 104.9ms | ActiveRecord: 0.2ms)


Started GET "/assets/custom.css?body=1" for 127.0.0.1 at 2014-11-25 00:29:22 +0700


Started GET "/assets/static_pages.css?body=1" for 127.0.0.1 at 2014-11-25 00:29:22 +0700


Started GET "/assets/application.css?body=1" for 127.0.0.1 at 2014-11-25 00:29:22 +0700


Started GET "/assets/users.css?body=1" for 127.0.0.1 at 2014-11-25 00:29:22 +0700


Started GET "/assets/jquery.js?body=1" for 127.0.0.1 at 2014-11-25 00:29:22 +0700


Started GET "/assets/jquery_ujs.js?body=1" for 127.0.0.1 at 2014-11-25 00:29:22 +0700


Started GET "/assets/turbolinks.js?body=1" for 127.0.0.1 at 2014-11-25 00:29:22 +0700


Started GET "/assets/static_pages.js?body=1" for 127.0.0.1 at 2014-11-25 00:29:22 +0700


Started GET "/assets/users.js?body=1" for 127.0.0.1 at 2014-11-25 00:29:22 +0700


Started GET "/assets/application.js?body=1" for 127.0.0.1 at 2014-11-25 00:29:22 +0700


Started GET "/contact" for 127.0.0.1 at 2014-11-25 00:29:26 +0700
Processing by StaticPagesController#contact as HTML
  Rendered static_pages/contact.html.erb within layouts/application (0.1ms)
  Rendered layouts/_shim.html.erb (0.1ms)
  Rendered layouts/_header.html.erb (0.4ms)
  Rendered layouts/_footer.html.erb (0.2ms)
Completed 200 OK in 116ms (Views: 114.7ms | ActiveRecord: 0.0ms)


Started GET "/" for 127.0.0.1 at 2014-11-25 00:29:28 +0700
Processing by StaticPagesController#home as HTML
  Rendered static_pages/home.html.erb within layouts/application (1.3ms)
  Rendered layouts/_shim.html.erb (0.1ms)
  Rendered layouts/_header.html.erb (0.3ms)
  Rendered layouts/_footer.html.erb (0.1ms)
Completed 200 OK in 109ms (Views: 108.0ms | ActiveRecord: 0.0ms)
